<?xml version="1.0" encoding="UTF-8"?>
<!-- Generated by org.testng.reporters.JUnitReportReporter -->
<testsuite hostname="DESKTOP-4VURPJC" failures="0" tests="3" name="com.actitive.TestScript.ProjectModule" time="24.527" errors="0" timestamp="2023-07-18T18:39:14 IST" skipped="0">
  <testcase classname="com.actitive.TestScript.ProjectModule" name="createProject" time="8.170">
    <system-out>
      <![CDATA[createProject]]>
    </system-out>
  </testcase> <!-- createProject -->
  <testcase classname="com.actitive.TestScript.ProjectModule" name="deleteProject" time="8.040">
    <system-out>
      <![CDATA[deleteProject]]>
    </system-out>
  </testcase> <!-- deleteProject -->
  <testcase classname="com.actitive.TestScript.ProjectModule" name="modifyProject" time="8.317">
    <system-out>
      <![CDATA[modifyProject]]>
    </system-out>
  </testcase> <!-- modifyProject -->
  <system-out>
    <![CDATA[openBrowser
login
createTask
logout
login
deleteTask
logout
login
modifyTask
logout
login
createProject
logout
login
deleteProject
logout
login
modifyProject
logout
login
createModule
logout
login
deleteModule
logout
login
modifyModule
logout
closeBroswer]]>
  </system-out>
</testsuite> <!-- com.actitive.TestScript.ProjectModule -->
