<?xml version="1.0" encoding="UTF-8"?>
<!-- Generated by org.testng.reporters.JUnitReportReporter -->
<testsuite hostname="DESKTOP-4VURPJC" failures="0" tests="6" name="MyPackage.TestNg.TechModule" time="0.035" errors="0" timestamp="2023-07-10T11:51:50 IST" skipped="0">
  <testcase classname="MyPackage.TestNg.TechModule" name="modifyCustomer" time="0.003">
    <system-out>
      <![CDATA[modifyCustomer]]>
    </system-out>
  </testcase> <!-- modifyCustomer -->
  <testcase classname="MyPackage.TestNg.TechModule" name="modifyCustomer" time="0.003">
    <system-out>
      <![CDATA[modifyCustomer]]>
    </system-out>
  </testcase> <!-- modifyCustomer -->
  <testcase classname="MyPackage.TestNg.TechModule" name="alterCustomer" time="0.003">
    <system-out>
      <![CDATA[alterCustomer]]>
    </system-out>
  </testcase> <!-- alterCustomer -->
  <testcase classname="MyPackage.TestNg.TechModule" name="alterCustomer" time="0.005">
    <system-out>
      <![CDATA[alterCustomer]]>
    </system-out>
  </testcase> <!-- alterCustomer -->
  <testcase classname="MyPackage.TestNg.TechModule" name="deleteCustomer" time="0.008">
    <system-out>
      <![CDATA[deleteCustomer]]>
    </system-out>
  </testcase> <!-- deleteCustomer -->
  <testcase classname="MyPackage.TestNg.TechModule" name="deleteCustomer" time="0.013">
    <system-out>
      <![CDATA[deleteCustomer]]>
    </system-out>
  </testcase> <!-- deleteCustomer -->
  <system-out>
    <![CDATA[createModule
deleteModule
modifyModule
createModule
deleteModule
modifyModule
createCustomer
createCustomer
modifyCustomer
modifyCustomer
alterCustomer
alterCustomer
deleteCustomer
deleteCustomer
modifyCustomer
modifyCustomer
alterCustomer
alterCustomer
deleteCustomer
deleteCustomer
Welcome
createModule
deleteModule
modifyModule]]>
  </system-out>
</testsuite> <!-- MyPackage.TestNg.TechModule -->
