<?xml version="1.0" encoding="UTF-8"?>
<!-- Generated by org.testng.reporters.JUnitReportReporter -->
<testsuite hostname="DESKTOP-4VURPJC" failures="0" tests="3" name="com.actitive.TestScript.CustomerModule" time="26.506" errors="0" timestamp="2023-07-18T18:39:14 IST" skipped="0">
  <testcase classname="com.actitive.TestScript.CustomerModule" name="deleteModule" time="8.606">
    <system-out>
      <![CDATA[deleteModule]]>
    </system-out>
  </testcase> <!-- deleteModule -->
  <testcase classname="com.actitive.TestScript.CustomerModule" name="modifyModule" time="8.215">
    <system-out>
      <![CDATA[modifyModule]]>
    </system-out>
  </testcase> <!-- modifyModule -->
  <testcase classname="com.actitive.TestScript.CustomerModule" name="createModule" time="9.685">
    <system-out>
      <![CDATA[createModule]]>
    </system-out>
  </testcase> <!-- createModule -->
  <system-out>
    <![CDATA[openBrowser
login
createTask
logout
login
deleteTask
logout
login
modifyTask
logout
login
createProject
logout
login
deleteProject
logout
login
modifyProject
logout
login
createModule
logout
login
deleteModule
logout
login
modifyModule
logout
closeBroswer]]>
  </system-out>
</testsuite> <!-- com.actitive.TestScript.CustomerModule -->
