<?xml version="1.0" encoding="UTF-8"?>
<!-- Generated by org.testng.reporters.JUnitReportReporter -->
<testsuite hostname="DESKTOP-4VURPJC" failures="0" tests="1" name="com.actitive.TestScript.DemoScreenShot" time="11.433" errors="0" timestamp="2023-07-18T18:39:14 IST" skipped="0">
  <testcase classname="com.actitive.TestScript.DemoScreenShot" name="testScreenshot" time="11.433"/>
  <system-out>
    <![CDATA[openBrowser
login
createTask
logout
login
deleteTask
logout
login
modifyTask
logout
login
createProject
logout
login
deleteProject
logout
login
modifyProject
logout
login
createModule
logout
login
deleteModule
logout
login
modifyModule
logout
closeBroswer]]>
  </system-out>
</testsuite> <!-- com.actitive.TestScript.DemoScreenShot -->
