<?xml version="1.0" encoding="UTF-8"?>
<!-- Generated by org.testng.reporters.JUnitReportReporter -->
<testsuite hostname="DESKTOP-4VURPJC" failures="0" tests="8" name="MyPackage.TestNg.CustomerModule" time="0.115" errors="0" timestamp="2023-07-18T18:36:34 IST" skipped="0">
  <testcase classname="MyPackage.TestNg.CustomerModule" name="createCustomer" time="0.037">
    <system-out>
      <![CDATA[createCustomer]]>
    </system-out>
  </testcase> <!-- createCustomer -->
  <testcase classname="MyPackage.TestNg.CustomerModule" name="createCustomer" time="0.005">
    <system-out>
      <![CDATA[createCustomer]]>
    </system-out>
  </testcase> <!-- createCustomer -->
  <testcase classname="MyPackage.TestNg.CustomerModule" name="modifyCustomer" time="0.014">
    <system-out>
      <![CDATA[modifyCustomer]]>
    </system-out>
  </testcase> <!-- modifyCustomer -->
  <testcase classname="MyPackage.TestNg.CustomerModule" name="modifyCustomer" time="0.005">
    <system-out>
      <![CDATA[modifyCustomer]]>
    </system-out>
  </testcase> <!-- modifyCustomer -->
  <testcase classname="MyPackage.TestNg.CustomerModule" name="alterCustomer" time="0.017">
    <system-out>
      <![CDATA[alterCustomer]]>
    </system-out>
  </testcase> <!-- alterCustomer -->
  <testcase classname="MyPackage.TestNg.CustomerModule" name="alterCustomer" time="0.020">
    <system-out>
      <![CDATA[alterCustomer]]>
    </system-out>
  </testcase> <!-- alterCustomer -->
  <testcase classname="MyPackage.TestNg.CustomerModule" name="deleteCustomer" time="0.010">
    <system-out>
      <![CDATA[deleteCustomer]]>
    </system-out>
  </testcase> <!-- deleteCustomer -->
  <testcase classname="MyPackage.TestNg.CustomerModule" name="deleteCustomer" time="0.007">
    <system-out>
      <![CDATA[deleteCustomer]]>
    </system-out>
  </testcase> <!-- deleteCustomer -->
  <system-out>
    <![CDATA[createCustomer
createCustomer
modifyCustomer
modifyCustomer
alterCustomer
alterCustomer
deleteCustomer
deleteCustomer]]>
  </system-out>
</testsuite> <!-- MyPackage.TestNg.CustomerModule -->
