<?xml version="1.0" encoding="UTF-8"?>
<!-- Generated by org.testng.reporters.JUnitReportReporter -->
<testsuite hostname="DESKTOP-4VURPJC" failures="0" tests="1" name="MyPackage.TestNg.DemoPro" time="0.010" errors="0" timestamp="2023-07-10T11:51:50 IST" skipped="0">
  <testcase classname="MyPackage.TestNg.DemoPro" name="demotext" time="0.010">
    <system-out>
      <![CDATA[Welcome]]>
    </system-out>
  </testcase> <!-- demotext -->
  <system-out>
    <![CDATA[createModule
deleteModule
modifyModule
createModule
deleteModule
modifyModule
createCustomer
createCustomer
modifyCustomer
modifyCustomer
alterCustomer
alterCustomer
deleteCustomer
deleteCustomer
modifyCustomer
modifyCustomer
alterCustomer
alterCustomer
deleteCustomer
deleteCustomer
Welcome
createModule
deleteModule
modifyModule]]>
  </system-out>
</testsuite> <!-- MyPackage.TestNg.DemoPro -->
