<?xml version="1.0" encoding="UTF-8"?>
<!-- Generated by org.testng.reporters.JUnitReportReporter -->
<testsuite hostname="DESKTOP-4VURPJC" failures="0" tests="3" name="com.actitive.TestScript.TaskModule" time="31.966" errors="0" timestamp="2023-07-18T18:39:14 IST" skipped="0">
  <testcase classname="com.actitive.TestScript.TaskModule" name="createTask" time="15.575">
    <system-out>
      <![CDATA[createTask]]>
    </system-out>
  </testcase> <!-- createTask -->
  <testcase classname="com.actitive.TestScript.TaskModule" name="modifyTask" time="8.156">
    <system-out>
      <![CDATA[modifyTask]]>
    </system-out>
  </testcase> <!-- modifyTask -->
  <testcase classname="com.actitive.TestScript.TaskModule" name="deleteTask" time="8.235">
    <system-out>
      <![CDATA[deleteTask]]>
    </system-out>
  </testcase> <!-- deleteTask -->
  <system-out>
    <![CDATA[openBrowser
login
createTask
logout
login
deleteTask
logout
login
modifyTask
logout
login
createProject
logout
login
deleteProject
logout
login
modifyProject
logout
login
createModule
logout
login
deleteModule
logout
login
modifyModule
logout
closeBroswer]]>
  </system-out>
</testsuite> <!-- com.actitive.TestScript.TaskModule -->
