<?xml version="1.0" encoding="UTF-8"?>
<!-- Generated by org.testng.reporters.JUnitReportReporter -->
<testsuite hostname="DESKTOP-4VURPJC" failures="0" tests="1" name="TestNgProgram.Demo" time="0.036" errors="0" timestamp="2023-07-06T12:01:12 IST" skipped="0">
  <testcase classname="TestNgProgram.Demo" name="demotext" time="0.036">
    <system-out>
      <![CDATA[Welcome]]>
    </system-out>
  </testcase> <!-- demotext -->
  <system-out>
    <![CDATA[Welcome]]>
  </system-out>
</testsuite> <!-- TestNgProgram.Demo -->
