<?xml version="1.0" encoding="UTF-8"?>
<!-- Generated by org.testng.reporters.JUnitReportReporter -->
<testsuite hostname="DESKTOP-4VURPJC" failures="0" tests="1" name="TestNgProgram.CustomerModule" time="0.042" errors="0" timestamp="2023-07-06T12:05:07 IST" skipped="0">
  <testcase classname="TestNgProgram.CustomerModule" name="createCustomer" time="0.042">
    <system-out>
      <![CDATA[createCustomer]]>
    </system-out>
  </testcase> <!-- createCustomer -->
  <system-out>
    <![CDATA[createCustomer]]>
  </system-out>
</testsuite> <!-- TestNgProgram.CustomerModule -->
